2016-08-04 14:06:14,155 INFO  [Log] **************************************************************************************** 
2016-08-04 14:06:14,163 INFO  [Log] **************************************************************************************** 
2016-08-04 14:06:14,231 INFO  [Log] **************************************************************************************** 
2016-08-04 14:06:14,231 INFO  [Log] **************************************************************************************** 
2016-08-04 14:06:14,231 INFO  [Log] $$$$$$$$$$$$$$$$$$$$$                 bin.Test.HomePageTest@2ef5e5e3       $$$$$$$$$$$$$$$$$$$$$$$$$ 
2016-08-04 14:06:14,231 INFO  [Log] $$$$$$$$$$$$$$$$$$$$$                 bin.Test.HomePageTest@2ef5e5e3       $$$$$$$$$$$$$$$$$$$$$$$$$ 
2016-08-04 14:06:14,238 INFO  [Log] **************************************************************************************** 
2016-08-04 14:06:14,231 INFO  [Log] **************************************************************************************** 
2016-08-04 14:06:14,238 INFO  [Log] **************************************************************************************** 
2016-08-04 14:06:14,238 INFO  [Log] **************************************************************************************** 
2016-08-04 14:06:14,238 INFO  [Log] Broswer IS Up 
2016-08-04 14:06:14,238 INFO  [Log] Broswer IS Up 
2016-08-04 14:06:14,156 INFO  [Log] **************************************************************************************** 
2016-08-04 14:06:14,262 INFO  [Log] **************************************************************************************** 
2016-08-04 14:06:14,263 INFO  [Log] $$$$$$$$$$$$$$$$$$$$$                 bin.Test.HomePageTest@2ef5e5e3       $$$$$$$$$$$$$$$$$$$$$$$$$ 
2016-08-04 14:06:14,263 INFO  [Log] **************************************************************************************** 
2016-08-04 14:06:14,263 INFO  [Log] **************************************************************************************** 
2016-08-04 14:06:14,263 INFO  [Log] Broswer IS Up 
2016-08-04 14:07:28,973 INFO  [Log] When User Clicks On Tutors Button 
2016-08-04 14:07:31,103 INFO  [Log] When User Clicks On Tutors Button 
2016-08-04 14:07:39,855 INFO  [Log] When User Clicks On Tutors Button 
2016-08-04 14:07:52,342 INFO  [Log] ScreenShot Captured 
2016-08-04 14:07:52,360 INFO  [Log] Tutors Page 
2016-08-04 14:07:52,373 INFO  [Log] Page URL Verified 
2016-08-04 14:07:56,071 INFO  [Log] Header OF The Got Verified 
2016-08-04 14:07:56,167 INFO  [Log] Page Banner Text Captured 
2016-08-04 14:07:56,357 INFO  [Log] Top Tutors Text Captured 
2016-08-04 14:50:48,543 INFO  [Log] **************************************************************************************** 
2016-08-04 14:50:48,544 INFO  [Log] **************************************************************************************** 
2016-08-04 14:50:48,546 INFO  [Log] $$$$$$$$$$$$$$$$$$$$$                 bin.Test.HomePageTest@20398b7c       $$$$$$$$$$$$$$$$$$$$$$$$$ 
2016-08-04 14:50:48,546 INFO  [Log] **************************************************************************************** 
2016-08-04 14:50:48,546 INFO  [Log] **************************************************************************************** 
2016-08-04 14:50:48,546 INFO  [Log] Broswer IS Up 
2016-08-04 14:51:33,427 INFO  [Log] Title Is Capured 
2016-08-04 14:51:35,474 INFO  [Log] Header Tab Is Verified 
2016-08-04 14:54:33,384 WARN  [ResponseProcessCookies] Invalid cookie header: "set-cookie: fm=0; Expires=Thu, 04 Aug 2016 09:24:20 GMT; Path=/; Domain=.twitter.com; Secure; HTTPOnly". Invalid 'expires' attribute: Thu, 04 Aug 2016 09:24:20 GMT 
2016-08-04 14:55:34,483 WARN  [ResponseProcessCookies] Invalid cookie header: "set-cookie: fm=0; Expires=Thu, 04 Aug 2016 09:25:21 GMT; Path=/; Domain=.twitter.com; Secure; HTTPOnly". Invalid 'expires' attribute: Thu, 04 Aug 2016 09:25:21 GMT 
2016-08-04 14:55:39,723 INFO  [Log] When User Clicks On Tutors Button 
2016-08-04 14:55:49,397 INFO  [Log] ScreenShot Captured 
2016-08-04 14:55:49,406 INFO  [Log] Tutors Page 
2016-08-04 14:55:49,414 INFO  [Log] Page URL Verified 
2016-08-04 14:55:52,164 INFO  [Log] Header OF The Got Verified 
2016-08-04 14:55:52,254 INFO  [Log] Page Banner Text Captured 
2016-08-04 14:55:52,460 INFO  [Log] Top Tutors Text Captured 
2016-08-04 15:28:46,323 INFO  [Log] **************************************************************************************** 
2016-08-04 15:28:46,323 INFO  [Log] **************************************************************************************** 
2016-08-04 15:28:46,323 INFO  [Log] $$$$$$$$$$$$$$$$$$$$$                 bin.Test.HomePageTest@643b1d11       $$$$$$$$$$$$$$$$$$$$$$$$$ 
2016-08-04 15:28:46,323 INFO  [Log] **************************************************************************************** 
2016-08-04 15:28:46,323 INFO  [Log] **************************************************************************************** 
2016-08-04 15:28:46,323 INFO  [Log] Broswer IS Up 
2016-08-04 15:29:40,073 INFO  [Log] Title Is Capured 
2016-08-04 15:29:42,144 INFO  [Log] Header Tab Is Verified 
2016-08-04 15:32:39,439 WARN  [ResponseProcessCookies] Invalid cookie header: "set-cookie: fm=0; Expires=Thu, 04 Aug 2016 10:02:26 UTC; Path=/; Domain=.twitter.com; Secure; HTTPOnly". Invalid 'expires' attribute: Thu, 04 Aug 2016 10:02:26 UTC 
2016-08-04 15:33:42,997 WARN  [ResponseProcessCookies] Invalid cookie header: "set-cookie: fm=0; Expires=Thu, 04 Aug 2016 10:03:30 GMT; Path=/; Domain=.twitter.com; Secure; HTTPOnly". Invalid 'expires' attribute: Thu, 04 Aug 2016 10:03:30 GMT 
2016-08-04 15:33:48,061 INFO  [Log] When User Clicks On Tutors Button 
2016-08-04 15:33:56,204 INFO  [Log] ScreenShot Captured 
2016-08-04 15:33:56,212 INFO  [Log] Tutors Page 
2016-08-04 15:33:56,219 INFO  [Log] Page URL Verified 
2016-08-04 15:33:58,841 INFO  [Log] Header OF The Got Verified 
2016-08-04 15:33:58,925 INFO  [Log] Page Banner Text Captured 
2016-08-04 15:33:59,073 INFO  [Log] Top Tutors Text Captured 
2016-08-04 15:37:09,836 INFO  [Log] **************************************************************************************** 
2016-08-04 15:37:09,836 INFO  [Log] **************************************************************************************** 
2016-08-04 15:37:09,837 INFO  [Log] $$$$$$$$$$$$$$$$$$$$$                 bin.Test.HomePageTest@20398b7c       $$$$$$$$$$$$$$$$$$$$$$$$$ 
2016-08-04 15:37:09,837 INFO  [Log] **************************************************************************************** 
2016-08-04 15:37:09,837 INFO  [Log] **************************************************************************************** 
2016-08-04 15:37:09,837 INFO  [Log] Broswer IS Up 
2016-08-04 15:37:55,223 INFO  [Log] Title Is Capured 
2016-08-04 15:37:57,276 INFO  [Log] Header Tab Is Verified 
2016-08-04 15:40:53,707 WARN  [ResponseProcessCookies] Invalid cookie header: "set-cookie: fm=0; Expires=Thu, 04 Aug 2016 10:10:41 GMT; Path=/; Domain=.twitter.com; Secure; HTTPOnly". Invalid 'expires' attribute: Thu, 04 Aug 2016 10:10:41 GMT 
2016-08-04 15:41:54,419 WARN  [ResponseProcessCookies] Invalid cookie header: "set-cookie: fm=0; Expires=Thu, 04 Aug 2016 10:11:41 GMT; Path=/; Domain=.twitter.com; Secure; HTTPOnly". Invalid 'expires' attribute: Thu, 04 Aug 2016 10:11:41 GMT 
2016-08-04 15:41:59,332 INFO  [Log] When User Clicks On Tutors Button 
2016-08-04 15:42:07,234 INFO  [Log] ScreenShot Captured 
2016-08-04 15:42:07,245 INFO  [Log] Tutors Page 
2016-08-04 15:42:07,254 INFO  [Log] Page URL Verified 
2016-08-04 15:42:09,888 INFO  [Log] Header OF The Got Verified 
2016-08-04 15:42:09,987 INFO  [Log] Page Banner Text Captured 
2016-08-04 15:42:10,127 INFO  [Log] Top Tutors Text Captured 
2016-08-04 16:09:10,088 INFO  [Log] **************************************************************************************** 
2016-08-04 16:09:10,089 INFO  [Log] **************************************************************************************** 
2016-08-04 16:09:10,089 INFO  [Log] $$$$$$$$$$$$$$$$$$$$$                 bin.Test.HomePageTest@51081592       $$$$$$$$$$$$$$$$$$$$$$$$$ 
2016-08-04 16:09:10,089 INFO  [Log] **************************************************************************************** 
2016-08-04 16:09:10,089 INFO  [Log] **************************************************************************************** 
2016-08-04 16:09:10,089 INFO  [Log] Broswer IS Up 
2016-08-04 16:09:36,220 INFO  [Log] Title Is Capured 
2016-08-04 16:09:38,291 INFO  [Log] Header Tab Is Verified 
2016-08-04 16:12:38,418 WARN  [ResponseProcessCookies] Invalid cookie header: "set-cookie: fm=0; Expires=Thu, 04 Aug 2016 10:42:25 UTC; Path=/; Domain=.twitter.com; Secure; HTTPOnly". Invalid 'expires' attribute: Thu, 04 Aug 2016 10:42:25 UTC 
2016-08-04 16:13:39,735 WARN  [ResponseProcessCookies] Invalid cookie header: "set-cookie: fm=0; Expires=Thu, 04 Aug 2016 10:43:27 UTC; Path=/; Domain=.twitter.com; Secure; HTTPOnly". Invalid 'expires' attribute: Thu, 04 Aug 2016 10:43:27 UTC 
2016-08-04 16:13:45,160 INFO  [Log] When User Clicks On Tutors Button 
2016-08-04 16:13:53,396 INFO  [Log] ScreenShot Captured 
2016-08-04 16:13:53,405 INFO  [Log] Tutors Page 
2016-08-04 16:13:53,413 INFO  [Log] Page URL Verified 
2016-08-04 16:13:55,972 INFO  [Log] Header OF The Got Verified 
2016-08-04 16:13:56,055 INFO  [Log] Page Banner Text Captured 
2016-08-04 16:13:56,199 INFO  [Log] Top Tutors Text Captured 
2016-08-04 16:18:21,964 INFO  [Log] **************************************************************************************** 
2016-08-04 16:18:21,965 INFO  [Log] **************************************************************************************** 
2016-08-04 16:18:21,965 INFO  [Log] $$$$$$$$$$$$$$$$$$$$$                 bin.Test.HomePageTest@51081592       $$$$$$$$$$$$$$$$$$$$$$$$$ 
2016-08-04 16:18:21,965 INFO  [Log] **************************************************************************************** 
2016-08-04 16:18:21,965 INFO  [Log] **************************************************************************************** 
2016-08-04 16:18:21,965 INFO  [Log] Broswer IS Up 
2016-08-04 16:18:59,602 INFO  [Log] Title Is Capured 
2016-08-04 16:19:01,657 INFO  [Log] Header Tab Is Verified 
2016-08-04 16:21:59,593 WARN  [ResponseProcessCookies] Invalid cookie header: "set-cookie: fm=0; Expires=Thu, 04 Aug 2016 10:51:46 UTC; Path=/; Domain=.twitter.com; Secure; HTTPOnly". Invalid 'expires' attribute: Thu, 04 Aug 2016 10:51:46 UTC 
2016-08-04 16:23:00,529 WARN  [ResponseProcessCookies] Invalid cookie header: "set-cookie: fm=0; Expires=Thu, 04 Aug 2016 10:52:47 GMT; Path=/; Domain=.twitter.com; Secure; HTTPOnly". Invalid 'expires' attribute: Thu, 04 Aug 2016 10:52:47 GMT 
2016-08-04 16:23:05,515 INFO  [Log] When User Clicks On Tutors Button 
2016-08-04 16:23:13,336 INFO  [Log] ScreenShot Captured 
2016-08-04 16:23:13,353 INFO  [Log] Tutors Page 
2016-08-04 16:23:13,372 INFO  [Log] Page URL Verified 
2016-08-04 16:23:16,003 INFO  [Log] Header OF The Got Verified 
2016-08-04 16:23:16,093 INFO  [Log] Page Banner Text Captured 
2016-08-04 16:23:16,260 INFO  [Log] Top Tutors Text Captured 
2016-08-04 17:40:39,071 INFO  [Log] **************************************************************************************** 
2016-08-04 17:40:39,092 INFO  [Log] **************************************************************************************** 
2016-08-04 17:40:39,092 INFO  [Log] $$$$$$$$$$$$$$$$$$$$$                 bin.Test.HomePageTest@3a82f6ef       $$$$$$$$$$$$$$$$$$$$$$$$$ 
2016-08-04 17:40:39,092 INFO  [Log] **************************************************************************************** 
2016-08-04 17:40:39,092 INFO  [Log] **************************************************************************************** 
2016-08-04 17:40:39,093 INFO  [Log] Broswer IS Up 
2016-08-04 17:41:07,408 INFO  [Log] **************************************************************************************** 
2016-08-04 17:41:07,409 INFO  [Log] **************************************************************************************** 
2016-08-04 17:41:07,409 INFO  [Log] $$$$$$$$$$$$$$$$$$$$$                 bin.Test.HomePageTest@3a82f6ef       $$$$$$$$$$$$$$$$$$$$$$$$$ 
2016-08-04 17:41:07,409 INFO  [Log] **************************************************************************************** 
2016-08-04 17:41:07,409 INFO  [Log] **************************************************************************************** 
2016-08-04 17:41:07,409 INFO  [Log] Broswer IS Up 
2016-08-04 17:41:36,769 INFO  [Log] Title Is Capured 
2016-08-04 17:41:38,805 INFO  [Log] Header Tab Is Verified 
2016-08-04 17:44:33,893 WARN  [ResponseProcessCookies] Invalid cookie header: "set-cookie: fm=0; Expires=Thu, 04 Aug 2016 12:14:21 GMT; Path=/; Domain=.twitter.com; Secure; HTTPOnly". Invalid 'expires' attribute: Thu, 04 Aug 2016 12:14:21 GMT 
2016-08-04 17:45:34,160 WARN  [ResponseProcessCookies] Invalid cookie header: "set-cookie: fm=0; Expires=Thu, 04 Aug 2016 12:15:21 GMT; Path=/; Domain=.twitter.com; Secure; HTTPOnly". Invalid 'expires' attribute: Thu, 04 Aug 2016 12:15:21 GMT 
2016-08-04 17:45:38,976 INFO  [Log] When User Clicks On Tutors Button 
2016-08-04 17:45:46,405 INFO  [Log] ScreenShot Captured 
2016-08-04 17:45:46,412 INFO  [Log] Tutors Page 
2016-08-04 17:45:46,420 INFO  [Log] Page URL Verified 
2016-08-04 17:45:48,999 INFO  [Log] Header OF The Got Verified 
2016-08-04 17:45:49,087 INFO  [Log] Page Banner Text Captured 
2016-08-04 17:45:49,255 INFO  [Log] Top Tutors Text Captured 
2016-08-05 16:25:32,599 INFO  [Log] **************************************************************************************** 
2016-08-05 16:25:32,639 INFO  [Log] **************************************************************************************** 
2016-08-05 16:25:32,639 INFO  [Log] $$$$$$$$$$$$$$$$$$$$$                 bin.Test.GuestCheckOut@32d992b2       $$$$$$$$$$$$$$$$$$$$$$$$$ 
2016-08-05 16:25:32,639 INFO  [Log] **************************************************************************************** 
2016-08-05 16:25:32,639 INFO  [Log] **************************************************************************************** 
2016-08-05 16:25:32,639 INFO  [Log] Broswer IS Up 
2016-08-05 16:27:25,239 INFO  [Log] **************************************************************************************** 
2016-08-05 16:27:25,239 INFO  [Log] **************************************************************************************** 
2016-08-05 16:27:25,239 INFO  [Log] $$$$$$$$$$$$$$$$$$$$$                 bin.Test.GuestCheckOut@32d992b2       $$$$$$$$$$$$$$$$$$$$$$$$$ 
2016-08-05 16:27:25,243 INFO  [Log] **************************************************************************************** 
2016-08-05 16:27:25,243 INFO  [Log] **************************************************************************************** 
2016-08-05 16:27:25,243 INFO  [Log] Broswer IS Up 
2016-08-05 16:32:14,184 INFO  [Log] **************************************************************************************** 
2016-08-05 16:32:14,184 INFO  [Log] **************************************************************************************** 
2016-08-05 16:32:14,185 INFO  [Log] $$$$$$$$$$$$$$$$$$$$$                 bin.Test.GuestCheckOut@32d992b2       $$$$$$$$$$$$$$$$$$$$$$$$$ 
2016-08-05 16:32:14,185 INFO  [Log] **************************************************************************************** 
2016-08-05 16:32:14,185 INFO  [Log] **************************************************************************************** 
2016-08-05 16:32:14,185 INFO  [Log] Broswer IS Up 
2016-08-05 16:37:00,732 INFO  [Log] **************************************************************************************** 
2016-08-05 16:37:00,734 INFO  [Log] **************************************************************************************** 
2016-08-05 16:37:00,734 INFO  [Log] $$$$$$$$$$$$$$$$$$$$$                 bin.Test.GuestCheckOut@32d992b2       $$$$$$$$$$$$$$$$$$$$$$$$$ 
2016-08-05 16:37:00,734 INFO  [Log] **************************************************************************************** 
2016-08-05 16:37:00,734 INFO  [Log] **************************************************************************************** 
2016-08-05 16:37:00,734 INFO  [Log] Broswer IS Up 
2016-08-05 16:39:58,710 INFO  [Log] **************************************************************************************** 
2016-08-05 16:39:58,710 INFO  [Log] **************************************************************************************** 
2016-08-05 16:39:58,710 INFO  [Log] $$$$$$$$$$$$$$$$$$$$$                 bin.Test.GuestCheckOut@32d992b2       $$$$$$$$$$$$$$$$$$$$$$$$$ 
2016-08-05 16:39:58,710 INFO  [Log] **************************************************************************************** 
2016-08-05 16:39:58,710 INFO  [Log] **************************************************************************************** 
2016-08-05 16:39:58,710 INFO  [Log] Broswer IS Up 
2016-08-05 16:48:34,981 INFO  [Log] **************************************************************************************** 
2016-08-05 16:48:34,982 INFO  [Log] **************************************************************************************** 
2016-08-05 16:48:34,982 INFO  [Log] $$$$$$$$$$$$$$$$$$$$$                 bin.Test.GuestCheckOut@23ceabc1       $$$$$$$$$$$$$$$$$$$$$$$$$ 
2016-08-05 16:48:34,982 INFO  [Log] **************************************************************************************** 
2016-08-05 16:48:34,982 INFO  [Log] **************************************************************************************** 
2016-08-05 16:48:34,982 INFO  [Log] Broswer IS Up 
2016-08-05 16:51:46,162 INFO  [Log] **************************************************************************************** 
2016-08-05 16:51:46,162 INFO  [Log] **************************************************************************************** 
2016-08-05 16:51:46,162 INFO  [Log] $$$$$$$$$$$$$$$$$$$$$                 bin.Test.GuestCheckOut@23ceabc1       $$$$$$$$$$$$$$$$$$$$$$$$$ 
2016-08-05 16:51:46,162 INFO  [Log] **************************************************************************************** 
2016-08-05 16:51:46,162 INFO  [Log] **************************************************************************************** 
2016-08-05 16:51:46,162 INFO  [Log] Broswer IS Up 
2016-08-05 16:55:48,244 INFO  [Log] **************************************************************************************** 
2016-08-05 16:55:48,245 INFO  [Log] **************************************************************************************** 
2016-08-05 16:55:48,245 INFO  [Log] $$$$$$$$$$$$$$$$$$$$$                 bin.Test.GuestCheckOut@32d992b2       $$$$$$$$$$$$$$$$$$$$$$$$$ 
2016-08-05 16:55:48,245 INFO  [Log] **************************************************************************************** 
2016-08-05 16:55:48,245 INFO  [Log] **************************************************************************************** 
2016-08-05 16:55:48,245 INFO  [Log] Broswer IS Up 
2016-08-05 16:59:13,774 INFO  [Log] **************************************************************************************** 
2016-08-05 16:59:13,778 INFO  [Log] **************************************************************************************** 
2016-08-05 16:59:13,778 INFO  [Log] $$$$$$$$$$$$$$$$$$$$$                 bin.Test.GuestCheckOut@32d992b2       $$$$$$$$$$$$$$$$$$$$$$$$$ 
2016-08-05 16:59:13,778 INFO  [Log] **************************************************************************************** 
2016-08-05 16:59:13,778 INFO  [Log] **************************************************************************************** 
2016-08-05 16:59:13,778 INFO  [Log] Broswer IS Up 
2016-08-08 10:30:50,069 INFO  [Log] **************************************************************************************** 
2016-08-08 10:30:50,091 INFO  [Log] **************************************************************************************** 
2016-08-08 10:30:50,091 INFO  [Log] $$$$$$$$$$$$$$$$$$$$$                 bin.Test.HireTutor@32d992b2       $$$$$$$$$$$$$$$$$$$$$$$$$ 
2016-08-08 10:30:50,092 INFO  [Log] **************************************************************************************** 
2016-08-08 10:30:50,092 INFO  [Log] **************************************************************************************** 
2016-08-08 10:30:50,092 INFO  [Log] Broswer IS Up 
2016-08-08 10:31:20,005 INFO  [Log] When User Clicks On Tutors Button 
2016-08-08 10:31:27,946 INFO  [Log] ScreenShot Captured 
2016-08-08 10:31:31,168 INFO  [Log] Header OF The Got Verified 
2016-08-08 10:31:31,263 INFO  [Log] Page Banner Text Captured 
2016-08-08 10:31:31,410 INFO  [Log] Top Tutors Text Captured 
2016-08-08 12:41:05,274 INFO  [Log] **************************************************************************************** 
2016-08-08 12:41:05,314 INFO  [Log] **************************************************************************************** 
2016-08-08 12:41:05,314 INFO  [Log] $$$$$$$$$$$$$$$$$$$$$                 bin.Test.HomePageTest@643b1d11       $$$$$$$$$$$$$$$$$$$$$$$$$ 
2016-08-08 12:41:05,314 INFO  [Log] **************************************************************************************** 
2016-08-08 12:41:05,314 INFO  [Log] **************************************************************************************** 
2016-08-08 12:41:05,314 INFO  [Log] Broswer IS Up 
2016-08-08 12:43:43,216 INFO  [Log] **************************************************************************************** 
2016-08-08 12:43:43,216 INFO  [Log] **************************************************************************************** 
2016-08-08 12:43:43,216 INFO  [Log] $$$$$$$$$$$$$$$$$$$$$                 bin.Test.HomePageTest@643b1d11       $$$$$$$$$$$$$$$$$$$$$$$$$ 
2016-08-08 12:43:43,216 INFO  [Log] **************************************************************************************** 
2016-08-08 12:43:43,217 INFO  [Log] **************************************************************************************** 
2016-08-08 12:43:43,217 INFO  [Log] Broswer IS Up 
2016-08-08 12:44:42,303 INFO  [Log] **************************************************************************************** 
2016-08-08 12:44:42,304 INFO  [Log] **************************************************************************************** 
2016-08-08 12:44:42,304 INFO  [Log] $$$$$$$$$$$$$$$$$$$$$                 bin.Test.HomePageTest@643b1d11       $$$$$$$$$$$$$$$$$$$$$$$$$ 
2016-08-08 12:44:42,304 INFO  [Log] **************************************************************************************** 
2016-08-08 12:44:42,304 INFO  [Log] **************************************************************************************** 
2016-08-08 12:44:42,304 INFO  [Log] Broswer IS Up 
2016-08-08 12:53:54,321 INFO  [Log] **************************************************************************************** 
2016-08-08 12:53:54,342 INFO  [Log] **************************************************************************************** 
2016-08-08 12:53:54,342 INFO  [Log] $$$$$$$$$$$$$$$$$$$$$                 bin.Test.HomePageTest@32e6e9c3       $$$$$$$$$$$$$$$$$$$$$$$$$ 
2016-08-08 12:53:54,342 INFO  [Log] **************************************************************************************** 
2016-08-08 12:53:54,343 INFO  [Log] **************************************************************************************** 
2016-08-08 12:53:54,343 INFO  [Log] Broswer IS Up 
2016-08-08 12:57:28,484 INFO  [Log] **************************************************************************************** 
2016-08-08 12:57:28,485 INFO  [Log] **************************************************************************************** 
2016-08-08 12:57:28,485 INFO  [Log] $$$$$$$$$$$$$$$$$$$$$                 bin.Test.HomePageTest@32e6e9c3       $$$$$$$$$$$$$$$$$$$$$$$$$ 
2016-08-08 12:57:28,486 INFO  [Log] **************************************************************************************** 
2016-08-08 12:57:28,486 INFO  [Log] **************************************************************************************** 
2016-08-08 12:57:28,486 INFO  [Log] Broswer IS Up 
2016-08-08 12:58:01,013 INFO  [Log] **************************************************************************************** 
2016-08-08 12:58:01,014 INFO  [Log] **************************************************************************************** 
2016-08-08 12:58:01,014 INFO  [Log] $$$$$$$$$$$$$$$$$$$$$                 bin.Test.HomePageTest@32e6e9c3       $$$$$$$$$$$$$$$$$$$$$$$$$ 
2016-08-08 12:58:01,015 INFO  [Log] **************************************************************************************** 
2016-08-08 12:58:01,015 INFO  [Log] **************************************************************************************** 
2016-08-08 12:58:01,015 INFO  [Log] Broswer IS Up 
2016-08-08 12:59:14,999 INFO  [Log] **************************************************************************************** 
2016-08-08 12:59:15,000 INFO  [Log] **************************************************************************************** 
2016-08-08 12:59:15,000 INFO  [Log] $$$$$$$$$$$$$$$$$$$$$                 bin.Test.HomePageTest@32e6e9c3       $$$$$$$$$$$$$$$$$$$$$$$$$ 
2016-08-08 12:59:15,000 INFO  [Log] **************************************************************************************** 
2016-08-08 12:59:15,000 INFO  [Log] **************************************************************************************** 
2016-08-08 12:59:15,000 INFO  [Log] Broswer IS Up 
2016-08-08 12:59:34,460 INFO  [Log] **************************************************************************************** 
2016-08-08 12:59:34,460 INFO  [Log] **************************************************************************************** 
2016-08-08 12:59:34,461 INFO  [Log] $$$$$$$$$$$$$$$$$$$$$                 bin.Test.HomePageTest@32e6e9c3       $$$$$$$$$$$$$$$$$$$$$$$$$ 
2016-08-08 12:59:34,461 INFO  [Log] **************************************************************************************** 
2016-08-08 12:59:34,461 INFO  [Log] **************************************************************************************** 
2016-08-08 12:59:34,461 INFO  [Log] Broswer IS Up 
2016-08-08 13:00:00,842 INFO  [Log] Title Is Capured 
2016-08-08 13:00:02,877 INFO  [Log] Header Tab Is Verified 
2016-08-08 13:05:30,494 INFO  [Log] **************************************************************************************** 
2016-08-08 13:05:30,495 INFO  [Log] **************************************************************************************** 
2016-08-08 13:05:30,496 INFO  [Log] $$$$$$$$$$$$$$$$$$$$$                 bin.Test.HomePageTest@6574b225       $$$$$$$$$$$$$$$$$$$$$$$$$ 
2016-08-08 13:05:30,497 INFO  [Log] **************************************************************************************** 
2016-08-08 13:05:30,497 INFO  [Log] **************************************************************************************** 
2016-08-08 13:05:30,497 INFO  [Log] Broswer IS Up 
2016-08-08 13:05:31,915 INFO  [Log] **************************************************************************************** 
2016-08-08 13:05:31,916 INFO  [Log] **************************************************************************************** 
2016-08-08 13:05:31,918 INFO  [Log] $$$$$$$$$$$$$$$$$$$$$                 bin.Test.HomePageTest@6574b225       $$$$$$$$$$$$$$$$$$$$$$$$$ 
2016-08-08 13:05:31,918 INFO  [Log] **************************************************************************************** 
2016-08-08 13:05:31,918 INFO  [Log] **************************************************************************************** 
2016-08-08 13:05:31,918 INFO  [Log] Broswer IS Up 
2016-08-08 13:06:15,166 INFO  [Log] Title Is Capured 
2016-08-08 13:06:15,836 INFO  [Log] Title Is Capured 
2016-08-08 13:06:17,892 INFO  [Log] Header Tab Is Verified 
2016-08-08 13:06:18,022 INFO  [Log] Header Tab Is Verified 
2016-08-08 14:18:52,340 INFO  [Log] **************************************************************************************** 
2016-08-08 14:18:52,386 INFO  [Log] **************************************************************************************** 
2016-08-08 14:18:52,388 INFO  [Log] $$$$$$$$$$$$$$$$$$$$$                 bin.Test.HomePageTest@7f560810       $$$$$$$$$$$$$$$$$$$$$$$$$ 
2016-08-08 14:18:52,389 INFO  [Log] **************************************************************************************** 
2016-08-08 14:18:52,389 INFO  [Log] **************************************************************************************** 
2016-08-08 14:18:52,389 INFO  [Log] Broswer IS Up 
2016-08-08 14:19:48,863 INFO  [Log] **************************************************************************************** 
2016-08-08 14:19:48,863 INFO  [Log] **************************************************************************************** 
2016-08-08 14:19:48,863 INFO  [Log] $$$$$$$$$$$$$$$$$$$$$                 bin.Test.HomePageTest@7f560810       $$$$$$$$$$$$$$$$$$$$$$$$$ 
2016-08-08 14:19:48,863 INFO  [Log] **************************************************************************************** 
2016-08-08 14:19:48,863 INFO  [Log] **************************************************************************************** 
2016-08-08 14:19:48,864 INFO  [Log] Broswer IS Up 
2016-08-08 14:20:55,287 INFO  [Log] Title Is Capured 
2016-08-08 14:20:57,377 INFO  [Log] Header Tab Is Verified 
2016-08-08 14:22:04,649 INFO  [Log] **************************************************************************************** 
2016-08-08 14:22:04,650 INFO  [Log] **************************************************************************************** 
2016-08-08 14:22:04,651 INFO  [Log] $$$$$$$$$$$$$$$$$$$$$                 bin.Test.HomePageTest@7f560810       $$$$$$$$$$$$$$$$$$$$$$$$$ 
2016-08-08 14:22:04,651 INFO  [Log] **************************************************************************************** 
2016-08-08 14:22:04,651 INFO  [Log] **************************************************************************************** 
2016-08-08 14:22:04,651 INFO  [Log] Broswer IS Up 
2016-08-08 14:22:39,587 INFO  [Log] Title Is Capured 
2016-08-08 14:22:41,624 INFO  [Log] Header Tab Is Verified 
2016-08-08 14:27:49,096 INFO  [Log] **************************************************************************************** 
2016-08-08 14:27:49,098 INFO  [Log] **************************************************************************************** 
2016-08-08 14:27:49,098 INFO  [Log] $$$$$$$$$$$$$$$$$$$$$                 bin.Test.HomePageTest@7f560810       $$$$$$$$$$$$$$$$$$$$$$$$$ 
2016-08-08 14:27:49,099 INFO  [Log] **************************************************************************************** 
2016-08-08 14:27:49,099 INFO  [Log] **************************************************************************************** 
2016-08-08 14:27:49,099 INFO  [Log] Broswer IS Up 
2016-08-08 14:28:20,656 INFO  [Log] Title Is Capured 
2016-08-08 14:28:22,685 INFO  [Log] Header Tab Is Verified 
2016-08-08 14:33:39,569 INFO  [Log] **************************************************************************************** 
2016-08-08 14:33:39,570 INFO  [Log] **************************************************************************************** 
2016-08-08 14:33:39,570 INFO  [Log] $$$$$$$$$$$$$$$$$$$$$                 bin.Test.HomePageTest@7f560810       $$$$$$$$$$$$$$$$$$$$$$$$$ 
2016-08-08 14:33:39,570 INFO  [Log] **************************************************************************************** 
2016-08-08 14:33:39,570 INFO  [Log] **************************************************************************************** 
2016-08-08 14:33:39,570 INFO  [Log] Broswer IS Up 
2016-08-08 14:34:07,859 INFO  [Log] Title Is Capured 
2016-08-08 14:34:09,943 INFO  [Log] Header Tab Is Verified 
2016-08-08 14:40:22,143 INFO  [Log] **************************************************************************************** 
2016-08-08 14:40:22,144 INFO  [Log] **************************************************************************************** 
2016-08-08 14:40:22,145 INFO  [Log] $$$$$$$$$$$$$$$$$$$$$                 bin.Test.HomePageTest@7f560810       $$$$$$$$$$$$$$$$$$$$$$$$$ 
2016-08-08 14:40:22,145 INFO  [Log] **************************************************************************************** 
2016-08-08 14:40:22,145 INFO  [Log] **************************************************************************************** 
2016-08-08 14:40:22,145 INFO  [Log] Broswer IS Up 
2016-08-08 14:41:00,198 INFO  [Log] Title Is Capured 
2016-08-08 14:41:02,290 INFO  [Log] Header Tab Is Verified 
2016-08-08 14:43:29,095 INFO  [Log] **************************************************************************************** 
2016-08-08 14:43:29,095 INFO  [Log] **************************************************************************************** 
2016-08-08 14:43:29,096 INFO  [Log] $$$$$$$$$$$$$$$$$$$$$                 bin.Test.HomePageTest@7f560810       $$$$$$$$$$$$$$$$$$$$$$$$$ 
2016-08-08 14:43:29,096 INFO  [Log] **************************************************************************************** 
2016-08-08 14:43:29,097 INFO  [Log] **************************************************************************************** 
2016-08-08 14:43:29,097 INFO  [Log] Broswer IS Up 
2016-08-08 14:44:22,201 INFO  [Log] Title Is Capured 
2016-08-08 14:44:24,228 INFO  [Log] Header Tab Is Verified 
2016-08-08 14:46:51,725 INFO  [Log] **************************************************************************************** 
2016-08-08 14:46:51,726 INFO  [Log] **************************************************************************************** 
2016-08-08 14:46:51,726 INFO  [Log] $$$$$$$$$$$$$$$$$$$$$                 bin.Test.HomePageTest@337d0578       $$$$$$$$$$$$$$$$$$$$$$$$$ 
2016-08-08 14:46:51,726 INFO  [Log] **************************************************************************************** 
2016-08-08 14:46:51,727 INFO  [Log] **************************************************************************************** 
2016-08-08 14:46:51,727 INFO  [Log] Broswer IS Up 
2016-08-08 14:49:09,762 INFO  [Log] **************************************************************************************** 
2016-08-08 14:49:09,764 INFO  [Log] **************************************************************************************** 
2016-08-08 14:49:09,764 INFO  [Log] $$$$$$$$$$$$$$$$$$$$$                 bin.Test.HomePageTest@7f560810       $$$$$$$$$$$$$$$$$$$$$$$$$ 
2016-08-08 14:49:09,764 INFO  [Log] **************************************************************************************** 
2016-08-08 14:49:09,764 INFO  [Log] **************************************************************************************** 
2016-08-08 14:49:09,764 INFO  [Log] Broswer IS Up 
2016-08-08 14:49:46,235 INFO  [Log] Title Is Capured 
2016-08-08 14:49:48,274 INFO  [Log] Header Tab Is Verified 
2016-08-08 14:57:15,746 INFO  [Log] **************************************************************************************** 
2016-08-08 14:57:15,747 INFO  [Log] **************************************************************************************** 
2016-08-08 14:57:15,747 INFO  [Log] $$$$$$$$$$$$$$$$$$$$$                 bin.Test.HomePageTest@7f560810       $$$$$$$$$$$$$$$$$$$$$$$$$ 
2016-08-08 14:57:15,747 INFO  [Log] **************************************************************************************** 
2016-08-08 14:57:15,747 INFO  [Log] **************************************************************************************** 
2016-08-08 14:57:15,747 INFO  [Log] Broswer IS Up 
2016-08-08 14:57:42,188 INFO  [Log] Title Is Capured 
2016-08-08 14:57:44,220 INFO  [Log] Header Tab Is Verified 
2016-08-08 14:59:08,410 INFO  [Log] **************************************************************************************** 
2016-08-08 14:59:08,411 INFO  [Log] **************************************************************************************** 
2016-08-08 14:59:08,411 INFO  [Log] $$$$$$$$$$$$$$$$$$$$$                 bin.Test.HomePageTest@7f560810       $$$$$$$$$$$$$$$$$$$$$$$$$ 
2016-08-08 14:59:08,411 INFO  [Log] **************************************************************************************** 
2016-08-08 14:59:08,411 INFO  [Log] **************************************************************************************** 
2016-08-08 14:59:08,411 INFO  [Log] Broswer IS Up 
2016-08-08 14:59:32,365 INFO  [Log] Title Is Capured 
2016-08-08 14:59:34,390 INFO  [Log] Header Tab Is Verified 
2016-08-08 15:06:33,402 INFO  [Log] **************************************************************************************** 
2016-08-08 15:06:33,403 INFO  [Log] **************************************************************************************** 
2016-08-08 15:06:33,403 INFO  [Log] $$$$$$$$$$$$$$$$$$$$$                 bin.Test.HomePageTest@39fb3ab6       $$$$$$$$$$$$$$$$$$$$$$$$$ 
2016-08-08 15:06:33,403 INFO  [Log] **************************************************************************************** 
2016-08-08 15:06:33,403 INFO  [Log] **************************************************************************************** 
2016-08-08 15:06:33,403 INFO  [Log] Broswer IS Up 
2016-08-08 15:06:33,952 INFO  [Log] **************************************************************************************** 
2016-08-08 15:06:33,953 INFO  [Log] **************************************************************************************** 
2016-08-08 15:06:33,953 INFO  [Log] $$$$$$$$$$$$$$$$$$$$$                 bin.Test.HomePageTest@39fb3ab6       $$$$$$$$$$$$$$$$$$$$$$$$$ 
2016-08-08 15:06:33,953 INFO  [Log] **************************************************************************************** 
2016-08-08 15:06:33,953 INFO  [Log] **************************************************************************************** 
2016-08-08 15:06:33,954 INFO  [Log] Broswer IS Up 
2016-08-08 15:06:49,175 INFO  [Log] **************************************************************************************** 
2016-08-08 15:06:49,184 INFO  [Log] **************************************************************************************** 
2016-08-08 15:06:49,184 INFO  [Log] $$$$$$$$$$$$$$$$$$$$$                 bin.Test.HomePageTest@39fb3ab6       $$$$$$$$$$$$$$$$$$$$$$$$$ 
2016-08-08 15:06:49,184 INFO  [Log] **************************************************************************************** 
2016-08-08 15:06:49,184 INFO  [Log] **************************************************************************************** 
2016-08-08 15:06:49,184 INFO  [Log] Broswer IS Up 
2016-08-08 15:07:14,684 INFO  [Log] **************************************************************************************** 
2016-08-08 15:07:14,687 INFO  [Log] **************************************************************************************** 
2016-08-08 15:07:14,688 INFO  [Log] $$$$$$$$$$$$$$$$$$$$$                 bin.Test.HomePageTest@39fb3ab6       $$$$$$$$$$$$$$$$$$$$$$$$$ 
2016-08-08 15:07:14,688 INFO  [Log] **************************************************************************************** 
2016-08-08 15:07:14,688 INFO  [Log] **************************************************************************************** 
2016-08-08 15:07:14,688 INFO  [Log] Broswer IS Up 
2016-08-08 15:08:08,735 INFO  [Log] Title Is Capured 
2016-08-08 15:08:10,767 INFO  [Log] Header Tab Is Verified 
2016-08-08 15:10:21,080 INFO  [Log] **************************************************************************************** 
2016-08-08 15:10:21,081 INFO  [Log] **************************************************************************************** 
2016-08-08 15:10:21,081 INFO  [Log] $$$$$$$$$$$$$$$$$$$$$                 bin.Test.HomePageTest@39fb3ab6       $$$$$$$$$$$$$$$$$$$$$$$$$ 
2016-08-08 15:10:21,081 INFO  [Log] **************************************************************************************** 
2016-08-08 15:10:21,081 INFO  [Log] **************************************************************************************** 
2016-08-08 15:10:21,081 INFO  [Log] Broswer IS Up 
2016-08-08 15:11:02,708 INFO  [Log] Title Is Capured 
2016-08-08 15:11:04,747 INFO  [Log] Header Tab Is Verified 
2016-08-08 15:19:13,302 INFO  [Log] **************************************************************************************** 
2016-08-08 15:19:13,303 INFO  [Log] **************************************************************************************** 
2016-08-08 15:19:13,303 INFO  [Log] $$$$$$$$$$$$$$$$$$$$$                 bin.Test.HomePageTest@25bbe1b6       $$$$$$$$$$$$$$$$$$$$$$$$$ 
2016-08-08 15:19:13,303 INFO  [Log] **************************************************************************************** 
2016-08-08 15:19:13,303 INFO  [Log] **************************************************************************************** 
2016-08-08 15:19:13,303 INFO  [Log] Broswer IS Up 
2016-08-08 15:23:49,825 INFO  [Log] **************************************************************************************** 
2016-08-08 15:23:49,826 INFO  [Log] **************************************************************************************** 
2016-08-08 15:23:49,827 INFO  [Log] $$$$$$$$$$$$$$$$$$$$$                 bin.Test.HomePageTest@3c09711b       $$$$$$$$$$$$$$$$$$$$$$$$$ 
2016-08-08 15:23:49,827 INFO  [Log] **************************************************************************************** 
2016-08-08 15:23:49,827 INFO  [Log] **************************************************************************************** 
2016-08-08 15:23:49,827 INFO  [Log] Broswer IS Up 
2016-08-08 15:24:25,832 INFO  [Log] Title Is Capured 
2016-08-08 15:24:27,916 INFO  [Log] Header Tab Is Verified 
2016-08-08 15:29:55,195 INFO  [Log] **************************************************************************************** 
2016-08-08 15:29:55,196 INFO  [Log] **************************************************************************************** 
2016-08-08 15:29:55,197 INFO  [Log] $$$$$$$$$$$$$$$$$$$$$                 bin.Test.HomePageTest@69ea3742       $$$$$$$$$$$$$$$$$$$$$$$$$ 
2016-08-08 15:29:55,197 INFO  [Log] **************************************************************************************** 
2016-08-08 15:29:55,197 INFO  [Log] **************************************************************************************** 
2016-08-08 15:29:55,197 INFO  [Log] Broswer IS Up 
2016-08-08 15:30:27,944 INFO  [Log] Title Is Capured 
2016-08-08 15:30:29,976 INFO  [Log] Header Tab Is Verified 
2016-08-09 11:20:29,283 INFO  [Log] **************************************************************************************** 
2016-08-09 11:20:29,299 INFO  [Log] **************************************************************************************** 
2016-08-09 11:20:29,299 INFO  [Log] $$$$$$$$$$$$$$$$$$$$$                 bin.Test.HomePageTest@1e127982       $$$$$$$$$$$$$$$$$$$$$$$$$ 
2016-08-09 11:20:29,299 INFO  [Log] **************************************************************************************** 
2016-08-09 11:20:29,299 INFO  [Log] **************************************************************************************** 
2016-08-09 11:20:29,299 INFO  [Log] Broswer IS Up 
2016-08-09 11:20:56,915 INFO  [Log] Title Is Capured 
2016-08-09 11:20:58,949 INFO  [Log] Header Tab Is Verified 
2016-08-09 16:09:16,013 INFO  [Log] **************************************************************************************** 
2016-08-09 16:09:16,026 INFO  [Log] **************************************************************************************** 
2016-08-09 16:09:16,026 INFO  [Log] $$$$$$$$$$$$$$$$$$$$$                 bin.Test.HomePageTest@573f2bb1       $$$$$$$$$$$$$$$$$$$$$$$$$ 
2016-08-09 16:09:16,026 INFO  [Log] **************************************************************************************** 
2016-08-09 16:09:16,026 INFO  [Log] **************************************************************************************** 
2016-08-09 16:09:16,026 INFO  [Log] Broswer IS Up 
2016-08-09 16:09:49,171 INFO  [Log] Title Is Capured 
2016-08-09 16:09:51,217 INFO  [Log] Header Tab Is Verified 
2016-08-09 17:17:42,322 INFO  [Log] **************************************************************************************** 
2016-08-09 17:17:42,335 INFO  [Log] **************************************************************************************** 
2016-08-09 17:17:42,335 INFO  [Log] $$$$$$$$$$$$$$$$$$$$$                 bin.Test.GuestCheckOut@6d7b4f4c       $$$$$$$$$$$$$$$$$$$$$$$$$ 
2016-08-09 17:17:42,335 INFO  [Log] **************************************************************************************** 
2016-08-09 17:17:42,335 INFO  [Log] **************************************************************************************** 
2016-08-09 17:17:42,335 INFO  [Log] Broswer IS Up 
2016-08-09 17:18:50,660 INFO  [Log] **************************************************************************************** 
2016-08-09 17:18:50,660 INFO  [Log] **************************************************************************************** 
2016-08-09 17:18:50,660 INFO  [Log] $$$$$$$$$$$$$$$$$$$$$                 bin.Test.HomePageTest@527740a2       $$$$$$$$$$$$$$$$$$$$$$$$$ 
2016-08-09 17:18:50,660 INFO  [Log] **************************************************************************************** 
2016-08-09 17:18:50,660 INFO  [Log] **************************************************************************************** 
2016-08-09 17:18:50,661 INFO  [Log] Broswer IS Up 
